AH00558: apache2: Could not reliably determine the server's fully qualified domain name, using 172.25.0.2. Set the 'ServerName' directive globally to suppress this message
[Thu Jan 01 19:22:42.056149 2026] [mpm_prefork:notice] [pid 1:tid 1] AH00163: Apache/2.4.65 (Debian) PHP/8.4.16 configured -- resuming normal operations
[Thu Jan 01 19:22:42.067440 2026] [core:notice] [pid 1:tid 1] AH00094: Command line: 'apache2 -D FOREGROUND'
AH00558: apache2: Could not reliably determine the server's fully qualified domain name, using 172.25.0.2. Set the 'ServerName' directive globally to suppress this message
[Thu Jan 01 19:44:05.817778 2026] [mpm_prefork:notice] [pid 1:tid 1] AH00163: Apache/2.4.65 (Debian) PHP/8.4.16 configured -- resuming normal operations
[Thu Jan 01 19:44:05.820281 2026] [core:notice] [pid 1:tid 1] AH00094: Command line: 'apache2 -D FOREGROUND'
[Thu Jan 01 20:36:25.986654 2026] [mpm_prefork:notice] [pid 1:tid 1] AH00170: caught SIGWINCH, shutting down gracefully
AH00558: apache2: Could not reliably determine the server's fully qualified domain name, using 172.25.0.4. Set the 'ServerName' directive globally to suppress this message
[Thu Jan 01 20:41:12.967856 2026] [mpm_prefork:notice] [pid 1:tid 1] AH00163: Apache/2.4.65 (Debian) PHP/8.4.16 configured -- resuming normal operations
[Thu Jan 01 20:41:12.969019 2026] [core:notice] [pid 1:tid 1] AH00094: Command line: 'apache2 -D FOREGROUND'
[Thu Jan 01 20:59:31.888238 2026] [mpm_prefork:notice] [pid 1:tid 1] AH00170: caught SIGWINCH, shutting down gracefully
AH00558: apache2: Could not reliably determine the server's fully qualified domain name, using 172.25.0.4. Set the 'ServerName' directive globally to suppress this message
[Thu Jan 01 20:59:35.907889 2026] [mpm_prefork:notice] [pid 1:tid 1] AH00163: Apache/2.4.65 (Debian) PHP/8.4.16 configured -- resuming normal operations
[Thu Jan 01 20:59:35.910510 2026] [core:notice] [pid 1:tid 1] AH00094: Command line: 'apache2 -D FOREGROUND'
[Thu Jan 01 21:00:49.978871 2026] [mpm_prefork:notice] [pid 1:tid 1] AH00170: caught SIGWINCH, shutting down gracefully
AH00558: apache2: Could not reliably determine the server's fully qualified domain name, using 172.25.0.4. Set the 'ServerName' directive globally to suppress this message
[Thu Jan 01 21:00:54.905375 2026] [mpm_prefork:notice] [pid 1:tid 1] AH00163: Apache/2.4.65 (Debian) PHP/8.4.16 configured -- resuming normal operations
[Thu Jan 01 21:00:54.918518 2026] [core:notice] [pid 1:tid 1] AH00094: Command line: 'apache2 -D FOREGROUND'
[Sat Jan 10 17:30:39.287046 2026] [mpm_prefork:notice] [pid 1:tid 1] AH00170: caught SIGWINCH, shutting down gracefully
AH00558: apache2: Could not reliably determine the server's fully qualified domain name, using 172.25.0.4. Set the 'ServerName' directive globally to suppress this message
[Sat Jan 10 17:31:41.963532 2026] [mpm_prefork:notice] [pid 1:tid 1] AH00163: Apache/2.4.65 (Debian) PHP/8.4.16 configured -- resuming normal operations
[Sat Jan 10 17:31:41.967228 2026] [core:notice] [pid 1:tid 1] AH00094: Command line: 'apache2 -D FOREGROUND'
[Tue Jan 13 13:46:44.874673 2026] [mpm_prefork:notice] [pid 1:tid 1] AH00170: caught SIGWINCH, shutting down gracefully
AH00558: apache2: Could not reliably determine the server's fully qualified domain name, using 172.25.0.4. Set the 'ServerName' directive globally to suppress this message
[Tue Jan 13 13:47:01.835626 2026] [mpm_prefork:notice] [pid 1:tid 1] AH00163: Apache/2.4.65 (Debian) PHP/8.4.16 configured -- resuming normal operations
[Tue Jan 13 13:47:01.874303 2026] [core:notice] [pid 1:tid 1] AH00094: Command line: 'apache2 -D FOREGROUND'
[Tue Jan 13 14:02:06.906209 2026] [mpm_prefork:notice] [pid 1:tid 1] AH00170: caught SIGWINCH, shutting down gracefully
AH00558: apache2: Could not reliably determine the server's fully qualified domain name, using 172.25.0.4. Set the 'ServerName' directive globally to suppress this message
[Tue Jan 13 14:02:31.941912 2026] [mpm_prefork:notice] [pid 1:tid 1] AH00163: Apache/2.4.65 (Debian) PHP/8.4.16 configured -- resuming normal operations
[Tue Jan 13 14:02:31.943317 2026] [core:notice] [pid 1:tid 1] AH00094: Command line: 'apache2 -D FOREGROUND'
[Tue Jan 13 17:12:12.279483 2026] [mpm_prefork:notice] [pid 1:tid 1] AH00170: caught SIGWINCH, shutting down gracefully
AH00558: apache2: Could not reliably determine the server's fully qualified domain name, using 172.25.0.4. Set the 'ServerName' directive globally to suppress this message
[Tue Jan 13 17:12:32.998661 2026] [mpm_prefork:notice] [pid 1:tid 1] AH00163: Apache/2.4.65 (Debian) PHP/8.4.16 configured -- resuming normal operations
[Tue Jan 13 17:12:33.000092 2026] [core:notice] [pid 1:tid 1] AH00094: Command line: 'apache2 -D FOREGROUND'
[Tue Jan 13 21:39:01.027793 2026] [mpm_prefork:notice] [pid 1:tid 1] AH00170: caught SIGWINCH, shutting down gracefully
AH00558: apache2: Could not reliably determine the server's fully qualified domain name, using 172.25.0.4. Set the 'ServerName' directive globally to suppress this message
[Tue Jan 13 21:39:50.726940 2026] [mpm_prefork:notice] [pid 1:tid 1] AH00163: Apache/2.4.65 (Debian) PHP/8.4.16 configured -- resuming normal operations
[Tue Jan 13 21:39:50.727788 2026] [core:notice] [pid 1:tid 1] AH00094: Command line: 'apache2 -D FOREGROUND'
[Wed Jan 14 14:08:27.942338 2026] [mpm_prefork:notice] [pid 1:tid 1] AH00170: caught SIGWINCH, shutting down gracefully
AH00558: apache2: Could not reliably determine the server's fully qualified domain name, using 172.25.0.2. Set the 'ServerName' directive globally to suppress this message
[Wed Jan 14 14:08:54.587538 2026] [mpm_prefork:notice] [pid 1:tid 1] AH00163: Apache/2.4.65 (Debian) PHP/8.4.16 configured -- resuming normal operations
[Wed Jan 14 14:08:54.658428 2026] [core:notice] [pid 1:tid 1] AH00094: Command line: 'apache2 -D FOREGROUND'
